<?xml version="1.0" encoding="UTF-8"?>
<testsuite name="com.algaworks.algasensors.device.management.DeviceManagementApplicationTests" tests="1" skipped="0" failures="0" errors="0" timestamp="2025-06-17T11:00:34.965Z" hostname="SEG-LESLEY" time="0.746">
  <properties/>
  <testcase name="contextLoads()" classname="com.algaworks.algasensors.device.management.DeviceManagementApplicationTests" time="0.746"/>
  <system-out><![CDATA[08:00:30.254 [Test worker] INFO org.springframework.test.context.support.AnnotationConfigContextLoaderUtils -- Could not detect default configuration classes for test class [com.algaworks.algasensors.device.management.DeviceManagementApplicationTests]: DeviceManagementApplicationTests does not declare any static, non-private, non-final, nested classes annotated with @Configuration.
08:00:30.389 [Test worker] INFO org.springframework.boot.test.context.SpringBootTestContextBootstrapper -- Found @SpringBootConfiguration com.algaworks.algasensors.device.management.DeviceManagementApplication for test class com.algaworks.algasensors.device.management.DeviceManagementApplicationTests

  .   ____          _            __ _ _
 /\\ / ___'_ __ _ _(_)_ __  __ _ \ \ \ \
( ( )\___ | '_ | '_| | '_ \/ _` | \ \ \ \
 \\/  ___)| |_)| | | | | || (_| |  ) ) ) )
  '  |____| .__|_| |_|_| |_\__, | / / / /
 =========|_|==============|___/=/_/_/_/

 :: Spring Boot ::                (v3.4.4)

2025-06-17T08:00:30.919-03:00  INFO 30756 --- [device-management] [    Test worker] a.a.d.m.DeviceManagementApplicationTests : Starting DeviceManagementApplicationTests using Java 21.0.2 with PID 30756 (started by lesley.diniz in C:\_projetos\pessoal\EMS\algasensors\microservices\device-management)
2025-06-17T08:00:30.921-03:00  INFO 30756 --- [device-management] [    Test worker] a.a.d.m.DeviceManagementApplicationTests : No active profile set, falling back to 1 default profile: "default"
2025-06-17T08:00:31.821-03:00  INFO 30756 --- [device-management] [    Test worker] .s.d.r.c.RepositoryConfigurationDelegate : Bootstrapping Spring Data JPA repositories in DEFAULT mode.
2025-06-17T08:00:31.853-03:00  INFO 30756 --- [device-management] [    Test worker] .s.d.r.c.RepositoryConfigurationDelegate : Finished Spring Data repository scanning in 20 ms. Found 0 JPA repository interfaces.
2025-06-17T08:00:32.383-03:00  INFO 30756 --- [device-management] [    Test worker] com.zaxxer.hikari.HikariDataSource       : HikariPool-1 - Starting...
2025-06-17T08:00:32.669-03:00  INFO 30756 --- [device-management] [    Test worker] com.zaxxer.hikari.pool.HikariPool        : HikariPool-1 - Added connection conn0: url=jdbc:h2:mem:6e8891d5-c6a7-4602-a236-5489ceae59ad user=SA
2025-06-17T08:00:32.673-03:00  INFO 30756 --- [device-management] [    Test worker] com.zaxxer.hikari.HikariDataSource       : HikariPool-1 - Start completed.
2025-06-17T08:00:32.760-03:00  INFO 30756 --- [device-management] [    Test worker] o.hibernate.jpa.internal.util.LogHelper  : HHH000204: Processing PersistenceUnitInfo [name: default]
2025-06-17T08:00:32.855-03:00  INFO 30756 --- [device-management] [    Test worker] org.hibernate.Version                    : HHH000412: Hibernate ORM core version 6.6.11.Final
2025-06-17T08:00:32.907-03:00  INFO 30756 --- [device-management] [    Test worker] o.h.c.internal.RegionFactoryInitiator    : HHH000026: Second-level cache disabled
2025-06-17T08:00:33.431-03:00  INFO 30756 --- [device-management] [    Test worker] o.s.o.j.p.SpringPersistenceUnitInfo      : No LoadTimeWeaver setup: ignoring JPA class transformer
2025-06-17T08:00:33.563-03:00  INFO 30756 --- [device-management] [    Test worker] org.hibernate.orm.connections.pooling    : HHH10001005: Database info:
	Database JDBC URL [Connecting through datasource 'HikariDataSource (HikariPool-1)']
	Database driver: undefined/unknown
	Database version: 2.3.232
	Autocommit mode: undefined/unknown
	Isolation level: undefined/unknown
	Minimum pool size: undefined/unknown
	Maximum pool size: undefined/unknown
2025-06-17T08:00:34.008-03:00  INFO 30756 --- [device-management] [    Test worker] o.h.e.t.j.p.i.JtaPlatformInitiator       : HHH000489: No JTA platform available (set 'hibernate.transaction.jta.platform' to enable JTA platform integration)
2025-06-17T08:00:34.016-03:00  INFO 30756 --- [device-management] [    Test worker] j.LocalContainerEntityManagerFactoryBean : Initialized JPA EntityManagerFactory for persistence unit 'default'
2025-06-17T08:00:34.339-03:00  WARN 30756 --- [device-management] [    Test worker] JpaBaseConfiguration$JpaWebConfiguration : spring.jpa.open-in-view is enabled by default. Therefore, database queries may be performed during view rendering. Explicitly configure spring.jpa.open-in-view to disable this warning
2025-06-17T08:00:34.946-03:00  INFO 30756 --- [device-management] [    Test worker] a.a.d.m.DeviceManagementApplicationTests : Started DeviceManagementApplicationTests in 4.351 seconds (process running for 5.723)
]]></system-out>
  <system-err><![CDATA[Mockito is currently self-attaching to enable the inline-mock-maker. This will no longer work in future releases of the JDK. Please add Mockito as an agent to your build what is described in Mockito's documentation: https://javadoc.io/doc/org.mockito/mockito-core/latest/org/mockito/Mockito.html#0.3
WARNING: A Java agent has been loaded dynamically (C:\Users\lesley.diniz\.gradle\caches\modules-2\files-2.1\net.bytebuddy\byte-buddy-agent\1.15.11\a38b16385e867f59a641330f0362ebe742788ed8\byte-buddy-agent-1.15.11.jar)
WARNING: If a serviceability tool is in use, please run with -XX:+EnableDynamicAgentLoading to hide this warning
WARNING: If a serviceability tool is not in use, please run with -Djdk.instrument.traceUsage for more information
WARNING: Dynamic loading of agents will be disallowed by default in a future release
]]></system-err>
</testsuite>
