<?xml version="1.0" encoding="UTF-8"?>
<testsuite name="com.algaworks.algasensors.device.management.TSIDTest" tests="1" skipped="0" failures="0" errors="0" timestamp="2025-06-17T11:00:35.716Z" hostname="SEG-LESLEY" time="0.083">
  <properties/>
  <testcase name="shouldGenerateTSID()" classname="com.algaworks.algasensors.device.management.TSIDTest" time="0.083"/>
  <system-out><![CDATA[]]></system-out>
  <system-err><![CDATA[]]></system-err>
</testsuite>
